Arguments: 
  C:\Program Files\nodejs\node.exe C:\Users\hp\AppData\Roaming\npm\node_modules\yarn\bin\yarn.js install

PATH: 
  C:\Program Files\Java\jdk-13.0.1\bin;C:\Program Files (x86)\Common Files\Oracle\Java\javapath;C:\Program Files (x86)\NVIDIA Corporation\PhysX\Common;C:\WINDOWS\system32;C:\WINDOWS;C:\WINDOWS\System32\Wbem;C:\WINDOWS\System32\WindowsPowerShell\v1.0\;C:\WINDOWS\System32\OpenSSH\;C:\Program Files\Git\cmd;C:\Program Files\MongoDB\Server\4.2\bin;C:\Users\hp\AppData\Local\Programs\Python\Python38\Scripts;C:\Program Files\dotnet\;C:\Program Files\Microsoft SQL Server\130\Tools\Binn\;C:\Program Files\Microsoft SQL Server\Client SDK\ODBC\170\Tools\Binn\;%NVM_HOME%;%NVM_SYMLINK%;C:\Program Files\nodejs\;C:\Python38\Scripts\;C:\Python38\;C:\Program Files (x86)\NVIDIA Corporation\PhysX\Common;C:\WINDOWS\system32;C:\WINDOWS;C:\WINDOWS\System32\Wbem;C:\WINDOWS\System32\WindowsPowerShell\v1.0\;C:\WINDOWS\System32\OpenSSH\;C:\Program Files\Java\jdk-13.0.1\bin;C:\Program Files\Git\cmd;C:\Program Files\MongoDB\Server\4.2\bin;C:\Program Files\MySQL\MySQL Shell 8.0\bin\;C:\Users\hp\AppData\Local\Microsoft\WindowsApps;C:\Python27\Scripts;C:\Users\hp\.dotnet\tools;C:\Users\hp\AppData\Local\Microsoft\WindowsApps;C:\MinGW\bin;C:\Program Files (x86)\Nmap;C:\Users\hp\AppData\Roaming\nvm;C:\Program Files\nodejs;C:\Users\hp\AppData\Roaming\npm

Yarn version: 
  1.22.19

Node version: 
  16.16.0

Platform: 
  win32 x64

Trace: 
  Error: https://registry.yarnpkg.com/@mui/icons-material/-/icons-material-5.10.2.tgz: ESOCKETTIMEDOUT
      at ClientRequest.<anonymous> (C:\Users\hp\AppData\Roaming\npm\node_modules\yarn\lib\cli.js:141517:19)
      at Object.onceWrapper (node:events:641:28)
      at ClientRequest.emit (node:events:527:28)
      at TLSSocket.emitRequestTimeout (node:_http_client:771:9)
      at Object.onceWrapper (node:events:641:28)
      at TLSSocket.emit (node:events:539:35)
      at TLSSocket.Socket._onTimeout (node:net:516:8)
      at listOnTimeout (node:internal/timers:559:17)
      at processTimers (node:internal/timers:502:7)

npm manifest: 
  {
    "name": "react-ts",
    "version": "0.0.0",
    "private": true,
    "dependencies": {
      "@babel/core": "7.18.10",
      "@emotion/react": "11.10.0",
      "@emotion/styled": "11.10.0",
      "@fontsource/roboto": "^4.5.8",
      "@mui/icons-material": "^5.8.4",
      "@mui/material": "5.10.1",
      "@types/react": "18.0.17",
      "@types/react-dom": "18.0.6",
      "axios": "^0.27.2",
      "react": "18.2.0",
      "react-dom": "18.2.0",
      "react-loader-spinner": "^5.1.5",
      "react-router-dom": "^6.3.0"
    },
    "scripts": {
      "start": "react-scripts start",
      "build": "react-scripts build",
      "test": "react-scripts test --env=jsdom",
      "eject": "react-scripts eject"
    },
    "devDependencies": {
      "react-scripts": "latest"
    }
  }

yarn manifest: 
  No manifest

Lockfile: 
  No lockfile
